2026-03-06 15:39:50 | INFO     | MAIN                           | ========================================================================================================================
2026-03-06 15:39:50 | INFO     | MAIN                           | ETL DQ FRAMEWORK v6 STARTED
2026-03-06 15:39:50 | INFO     | MAIN                           | ========================================================================================================================
2026-03-06 15:39:50 | INFO     | SparkSessionManager            | Starting Spark | app=ETL_DQ_v6 | master=local[*]
2026-03-06 15:39:53 | INFO     | SparkSessionManager            | Spark started successfully
2026-03-06 15:39:53 | INFO     | DQConfigLoader                 | Config loaded | path=config/rules_employees.yaml
2026-03-06 15:39:53 | INFO     | DataReader                     | Reading CSV | path=data/employees.csv
2026-03-06 15:39:55 | INFO     | DataReader                     | Loaded | rows=100000 | cols=['employee_id', 'employee_name', 'email', 'phone', 'department', 'salary', 'join_date', 'manager_id', 'status', 'city']
2026-03-06 15:39:55 | INFO     | DQRunner                       | [employees] Running 19 checkers with max_workers=4
2026-03-06 15:39:55 | INFO     | MandatoryFieldChecker          | [employees] MANDATORY FIELD CHECK started
2026-03-06 15:39:55 | INFO     | PrimaryKeyChecker              | [employees] PRIMARY KEY CHECK : employee_id started
2026-03-06 15:39:55 | INFO     | PatternChecker                 | [employees] PATTERN / FORMAT CHECK started
2026-03-06 15:39:55 | INFO     | DataTypeChecker                | [employees] DATA TYPE CHECK started
2026-03-06 15:39:55 | INFO     | PrimaryKeyChecker              | [employees] PK Null PASS | col=employee_id
2026-03-06 15:39:55 | WARNING  | PatternChecker                 | [employees] Pattern FAIL | col=email | violations=2161
2026-03-06 15:39:55 | INFO     | DataTypeChecker                | [employees] Data Type PASS | col=employee_id
2026-03-06 15:39:55 | WARNING  | MandatoryFieldChecker          | [employees] Mandatory Field FAIL | col=department | violations=2018
2026-03-06 15:39:56 | INFO     | PatternChecker                 | [employees] Pattern PASS | col=employee_id
2026-03-06 15:39:56 | WARNING  | DataTypeChecker                | [employees] Data Type FAIL | col=salary | violations=603
2026-03-06 15:39:56 | WARNING  | MandatoryFieldChecker          | [employees] Mandatory Field FAIL | col=email | violations=1991
2026-03-06 15:39:56 | ERROR    | DataTypeChecker                | [employees] Data Type ERROR | col=join_date | [CANNOT_PARSE_TIMESTAMP] Text '2025/01/01' could not be parsed at index 4. Use `try_to_date` to tolerate invalid input string and return NULL instead. SQLSTATE: 22007
2026-03-06 15:39:56 | INFO     | LengthChecker                  | [employees] LENGTH CHECK started
2026-03-06 15:39:56 | INFO     | MandatoryFieldChecker          | [employees] Mandatory Field PASS | col=employee_name
2026-03-06 15:39:56 | INFO     | ValueRangeChecker              | [employees] VALUE RANGE CHECK started
2026-03-06 15:39:56 | WARNING  | PatternChecker                 | [employees] Pattern FAIL | col=join_date | violations=1484
2026-03-06 15:39:56 | INFO     | AllowedValuesChecker           | [employees] ALLOWED VALUES CHECK started
2026-03-06 15:39:56 | WARNING  | ValueRangeChecker              | [employees] Value Range FAIL | col=salary | violations=1860
2026-03-06 15:39:56 | INFO     | UniquenessChecker              | [employees] UNIQUENESS CHECK started
2026-03-06 15:39:56 | WARNING  | PrimaryKeyChecker              | [employees] PK Duplicate FAIL | col=employee_id | violations=998
2026-03-06 15:39:56 | INFO     | ConsistencyChecker             | [employees] CONSISTENCY CHECK started
2026-03-06 15:39:56 | INFO     | LengthChecker                  | [employees] Length PASS | col=employee_name
2026-03-06 15:39:56 | WARNING  | AllowedValuesChecker           | [employees] Allowed Values FAIL | col=department | violations=3924
2026-03-06 15:39:56 | INFO     | ReferentialIntegrityChecker    | [employees] REFERENTIAL INTEGRITY : department started
2026-03-06 15:39:57 | WARNING  | ConsistencyChecker             | [employees] Consistency FAIL | col=salary_positive | violations=1240
2026-03-06 15:39:57 | INFO     | WhitespaceChecker              | [employees] WHITESPACE CHECK started
2026-03-06 15:39:57 | INFO     | WhitespaceChecker              | [employees] Whitespace PASS | col=employee_name
2026-03-06 15:39:57 | INFO     | LengthChecker                  | [employees] Length PASS | col=department
2026-03-06 15:39:57 | INFO     | PrecisionScaleChecker          | [employees] PRECISION / SCALE CHECK started
2026-03-06 15:39:57 | WARNING  | UniquenessChecker              | [employees] Uniqueness FAIL | col=employee_id | violations=998
2026-03-06 15:39:57 | WARNING  | ReferentialIntegrityChecker    | [employees] Ref Integrity FAIL | col=department | violations=8
2026-03-06 15:39:57 | INFO     | CaseChecker                    | [employees] CASE SENSITIVITY CHECK started
2026-03-06 15:39:57 | INFO     | WhitespaceChecker              | [employees] Whitespace PASS | col=department
2026-03-06 15:39:58 | INFO     | PrecisionScaleChecker          | [employees] Precision PASS | col=salary
2026-03-06 15:39:58 | INFO     | SpecialCharacterChecker        | [employees] SPECIAL CHARACTER CHECK started
2026-03-06 15:39:58 | INFO     | WhitespaceChecker              | [employees] Whitespace PASS | col=email
2026-03-06 15:39:58 | INFO     | SpecialCharacterChecker        | [employees] Special Char PASS | col=employee_name
2026-03-06 15:39:58 | WARNING  | WhitespaceChecker              | [employees] Whitespace FAIL | col=city | violations=3024
2026-03-06 15:39:58 | INFO     | OutlierChecker                 | [employees] OUTLIER CHECK  (z=3.0σ) started
2026-03-06 15:39:58 | WARNING  | UniquenessChecker              | [employees] Uniqueness FAIL | col=email | violations=99275
2026-03-06 15:39:58 | INFO     | DefaultValueChecker            | [employees] DEFAULT VALUE CHECK started
2026-03-06 15:39:58 | ERROR    | DQRunner                       | [employees] DefaultValueChecker CRASHED: 'NoneType' object has no attribute 'lower'
2026-03-06 15:39:58 | INFO     | CrossColumnChecker             | [employees] CROSS-COLUMN VALIDATION started
2026-03-06 15:39:58 | INFO     | SpecialCharacterChecker        | [employees] Special Char PASS | col=department
2026-03-06 15:39:58 | INFO     | CompletenessRatioChecker       | [employees] COMPLETENESS RATIO CHECK  (min : 90.0%) started
2026-03-06 15:39:58 | ERROR    | CrossColumnChecker             | [employees] Cross-Column ERROR | col=join_date_not_future | [CANNOT_PARSE_TIMESTAMP] Text '2025/01/01' could not be parsed at index 4. Use `try_to_date` to tolerate invalid input string and return NULL instead. SQLSTATE: 22007
2026-03-06 15:39:58 | INFO     | FreshnessChecker               | [employees] FRESHNESS CHECK : join_date started
2026-03-06 15:39:58 | ERROR    | FreshnessChecker               | [employees] Freshness ERROR | col=join_date | [CANNOT_PARSE_TIMESTAMP] Text 'not-a-date' could not be parsed at index 0. Use `try_to_date` to tolerate invalid input string and return NULL instead. SQLSTATE: 22007
2026-03-06 15:39:58 | INFO     | CompletenessRatioChecker       | [employees] Completeness PASS | col=employee_name
2026-03-06 15:39:58 | WARNING  | OutlierChecker                 | [employees] Outlier FAIL | col=salary | violations=620
2026-03-06 15:39:58 | INFO     | CompletenessRatioChecker       | [employees] Completeness PASS | col=email
2026-03-06 15:39:58 | INFO     | CompletenessRatioChecker       | [employees] Completeness PASS | col=department
2026-03-06 15:39:58 | WARNING  | CaseChecker                    | [employees] Case FAIL | col=department | violations=71286
2026-03-06 15:39:58 | INFO     | CompletenessRatioChecker       | [employees] Completeness PASS | col=salary
2026-03-06 15:39:59 | INFO     | CompletenessRatioChecker       | [employees] Completeness PASS | col=phone
2026-03-06 15:39:59 | INFO     | CaseChecker                    | [employees] Case PASS | col=email
2026-03-06 15:39:59 | INFO     | DQRunner                       | [employees] All checks completed — 37 results
2026-03-06 15:39:59 | WARNING  | AlertManager                   | ALERT TRIGGERED | dataset=employees | fails=15 > threshold=5
2026-03-06 15:39:59 | INFO     | DQConfigLoader                 | Config loaded | path=config/rules_orders.yaml
2026-03-06 15:39:59 | INFO     | DataReader                     | Reading CSV | path=data/orders.csv
2026-03-06 15:39:59 | INFO     | DataReader                     | Loaded | rows=200000 | cols=['order_id', 'customer_id', 'product_id', 'quantity', 'unit_price', 'total_amount', 'order_date', 'delivery_date', 'status', 'channel']
2026-03-06 15:39:59 | INFO     | DQRunner                       | [orders] Running 10 checkers with max_workers=4
2026-03-06 15:39:59 | INFO     | PrimaryKeyChecker              | [orders] PRIMARY KEY CHECK : order_id started
2026-03-06 15:39:59 | INFO     | MandatoryFieldChecker          | [orders] MANDATORY FIELD CHECK started
2026-03-06 15:39:59 | INFO     | DataTypeChecker                | [orders] DATA TYPE CHECK started
2026-03-06 15:39:59 | INFO     | ValueRangeChecker              | [orders] VALUE RANGE CHECK started
2026-03-06 15:39:59 | INFO     | DataTypeChecker                | [orders] Data Type PASS | col=order_id
2026-03-06 15:39:59 | INFO     | PrimaryKeyChecker              | [orders] PK Null PASS | col=order_id
2026-03-06 15:39:59 | WARNING  | ValueRangeChecker              | [orders] Value Range FAIL | col=quantity | violations=2346
2026-03-06 15:39:59 | INFO     | MandatoryFieldChecker          | [orders] Mandatory Field PASS | col=customer_id
2026-03-06 15:39:59 | INFO     | DataTypeChecker                | [orders] Data Type PASS | col=customer_id
2026-03-06 15:39:59 | INFO     | MandatoryFieldChecker          | [orders] Mandatory Field PASS | col=product_id
2026-03-06 15:39:59 | INFO     | ValueRangeChecker              | [orders] Value Range PASS | col=unit_price
2026-03-06 15:39:59 | INFO     | DataTypeChecker                | [orders] Data Type PASS | col=product_id
2026-03-06 15:39:59 | INFO     | MandatoryFieldChecker          | [orders] Mandatory Field PASS | col=order_date
2026-03-06 15:39:59 | WARNING  | ValueRangeChecker              | [orders] Value Range FAIL | col=total_amount | violations=6175
2026-03-06 15:39:59 | INFO     | AllowedValuesChecker           | [orders] ALLOWED VALUES CHECK started
2026-03-06 15:39:59 | INFO     | MandatoryFieldChecker          | [orders] Mandatory Field PASS | col=status
2026-03-06 15:39:59 | INFO     | UniquenessChecker              | [orders] UNIQUENESS CHECK started
2026-03-06 15:40:00 | WARNING  | DataTypeChecker                | [orders] Data Type FAIL | col=quantity | violations=797
2026-03-06 15:40:00 | WARNING  | PrimaryKeyChecker              | [orders] PK Duplicate FAIL | col=order_id | violations=1561
2026-03-06 15:40:00 | INFO     | ConsistencyChecker             | [orders] CONSISTENCY CHECK started
2026-03-06 15:40:00 | INFO     | DataTypeChecker                | [orders] Data Type PASS | col=unit_price
2026-03-06 15:40:00 | WARNING  | AllowedValuesChecker           | [orders] Allowed Values FAIL | col=status | violations=4012
2026-03-06 15:40:00 | WARNING  | ConsistencyChecker             | [orders] Consistency FAIL | col=total_matches_qty_x_price | violations=3129
2026-03-06 15:40:00 | INFO     | CrossColumnChecker             | [orders] CROSS-COLUMN VALIDATION started
2026-03-06 15:40:00 | INFO     | AllowedValuesChecker           | [orders] Allowed Values PASS | col=channel
2026-03-06 15:40:00 | INFO     | CompletenessRatioChecker       | [orders] COMPLETENESS RATIO CHECK  (min : 95.0%) started
2026-03-06 15:40:00 | WARNING  | DataTypeChecker                | [orders] Data Type FAIL | col=total_amount | violations=798
2026-03-06 15:40:00 | ERROR    | CrossColumnChecker             | [orders] Cross-Column ERROR | col=delivery_after_order | [CANNOT_PARSE_TIMESTAMP] Text '2025/01/01' could not be parsed at index 4. Use `try_to_date` to tolerate invalid input string and return NULL instead. SQLSTATE: 22007
2026-03-06 15:40:00 | INFO     | FreshnessChecker               | [orders] FRESHNESS CHECK : order_date started
2026-03-06 15:40:00 | INFO     | DataTypeChecker                | [orders] Data Type PASS | col=order_date
2026-03-06 15:40:00 | INFO     | CompletenessRatioChecker       | [orders] Completeness PASS | col=order_id
2026-03-06 15:40:00 | WARNING  | UniquenessChecker              | [orders] Uniqueness FAIL | col=order_id | violations=1561
2026-03-06 15:40:00 | INFO     | FreshnessChecker               | [orders] Freshness PASS | col=order_date
2026-03-06 15:40:00 | INFO     | CompletenessRatioChecker       | [orders] Completeness PASS | col=customer_id
2026-03-06 15:40:01 | INFO     | CompletenessRatioChecker       | [orders] Completeness PASS | col=order_date
2026-03-06 15:40:01 | INFO     | CompletenessRatioChecker       | [orders] Completeness PASS | col=status
2026-03-06 15:40:01 | INFO     | CompletenessRatioChecker       | [orders] Completeness PASS | col=total_amount
2026-03-06 15:40:01 | INFO     | DQRunner                       | [orders] All checks completed — 27 results
2026-03-06 15:40:01 | WARNING  | AlertManager                   | ALERT TRIGGERED | dataset=orders | fails=8 > threshold=5
2026-03-06 15:40:01 | INFO     | DQConfigLoader                 | Config loaded | path=config/rules_products.yaml
2026-03-06 15:40:01 | INFO     | DataReader                     | Reading CSV | path=data/products.csv
2026-03-06 15:40:01 | INFO     | DataReader                     | Loaded | rows=50000 | cols=['product_id', 'sku', 'product_name', 'category', 'sub_category', 'price', 'cost_price', 'stock_qty', 'supplier_id', 'is_active']
2026-03-06 15:40:01 | INFO     | DQRunner                       | [products] Running 11 checkers with max_workers=4
2026-03-06 15:40:01 | INFO     | DataTypeChecker                | [products] DATA TYPE CHECK started
2026-03-06 15:40:01 | INFO     | PrimaryKeyChecker              | [products] PRIMARY KEY CHECK : product_id started
2026-03-06 15:40:01 | INFO     | PatternChecker                 | [products] PATTERN / FORMAT CHECK started
2026-03-06 15:40:01 | INFO     | MandatoryFieldChecker          | [products] MANDATORY FIELD CHECK started
2026-03-06 15:40:01 | INFO     | DataTypeChecker                | [products] Data Type PASS | col=product_id
2026-03-06 15:40:01 | INFO     | MandatoryFieldChecker          | [products] Mandatory Field PASS | col=sku
2026-03-06 15:40:01 | INFO     | PrimaryKeyChecker              | [products] PK Null PASS | col=product_id
2026-03-06 15:40:01 | WARNING  | PatternChecker                 | [products] Pattern FAIL | col=sku | violations=990
2026-03-06 15:40:01 | INFO     | ValueRangeChecker              | [products] VALUE RANGE CHECK started
2026-03-06 15:40:01 | INFO     | DataTypeChecker                | [products] Data Type PASS | col=price
2026-03-06 15:40:01 | WARNING  | MandatoryFieldChecker          | [products] Mandatory Field FAIL | col=product_name | violations=484
2026-03-06 15:40:01 | INFO     | ValueRangeChecker              | [products] Value Range PASS | col=price
2026-03-06 15:40:01 | WARNING  | DataTypeChecker                | [products] Data Type FAIL | col=cost_price | violations=200
2026-03-06 15:40:01 | INFO     | MandatoryFieldChecker          | [products] Mandatory Field PASS | col=category
2026-03-06 15:40:01 | WARNING  | PrimaryKeyChecker              | [products] PK Duplicate FAIL | col=product_id | violations=281
2026-03-06 15:40:01 | INFO     | AllowedValuesChecker           | [products] ALLOWED VALUES CHECK started
2026-03-06 15:40:01 | WARNING  | ValueRangeChecker              | [products] Value Range FAIL | col=stock_qty | violations=422
2026-03-06 15:40:01 | INFO     | UniquenessChecker              | [products] UNIQUENESS CHECK started
2026-03-06 15:40:01 | INFO     | MandatoryFieldChecker          | [products] Mandatory Field PASS | col=price
2026-03-06 15:40:01 | INFO     | ConsistencyChecker             | [products] CONSISTENCY CHECK started
2026-03-06 15:40:01 | WARNING  | DataTypeChecker                | [products] Data Type FAIL | col=stock_qty | violations=224
2026-03-06 15:40:01 | INFO     | WhitespaceChecker              | [products] WHITESPACE CHECK started
2026-03-06 15:40:01 | INFO     | AllowedValuesChecker           | [products] Allowed Values PASS | col=category
2026-03-06 15:40:01 | INFO     | DefaultValueChecker            | [products] DEFAULT VALUE CHECK started
2026-03-06 15:40:01 | ERROR    | DQRunner                       | [products] DefaultValueChecker CRASHED: 'NoneType' object has no attribute 'lower'
2026-03-06 15:40:01 | INFO     | CompletenessRatioChecker       | [products] COMPLETENESS RATIO CHECK  (min : 98.0%) started
2026-03-06 15:40:01 | WARNING  | ConsistencyChecker             | [products] Consistency FAIL | col=cost_less_than_price | violations=205
2026-03-06 15:40:01 | INFO     | WhitespaceChecker              | [products] Whitespace PASS | col=product_name
2026-03-06 15:40:02 | INFO     | CompletenessRatioChecker       | [products] Completeness PASS | col=product_id
2026-03-06 15:40:02 | INFO     | WhitespaceChecker              | [products] Whitespace PASS | col=category
2026-03-06 15:40:02 | WARNING  | UniquenessChecker              | [products] Uniqueness FAIL | col=product_id | violations=281
2026-03-06 15:40:02 | INFO     | CompletenessRatioChecker       | [products] Completeness PASS | col=sku
2026-03-06 15:40:02 | INFO     | CompletenessRatioChecker       | [products] Completeness PASS | col=product_name
2026-03-06 15:40:02 | INFO     | UniquenessChecker              | [products] Uniqueness PASS | col=sku
2026-03-06 15:40:02 | INFO     | CompletenessRatioChecker       | [products] Completeness PASS | col=category
2026-03-06 15:40:02 | INFO     | CompletenessRatioChecker       | [products] Completeness PASS | col=price
2026-03-06 15:40:02 | INFO     | DQRunner                       | [products] All checks completed — 25 results
2026-03-06 15:40:02 | WARNING  | AlertManager                   | ALERT TRIGGERED | dataset=products | fails=8 > threshold=3
2026-03-06 15:40:02 | INFO     | DQConfigLoader                 | Config loaded | path=config/rules_transactions.yaml
2026-03-06 15:40:02 | INFO     | DataReader                     | Reading CSV | path=data/transactions.csv
2026-03-06 15:40:02 | INFO     | DataReader                     | Loaded | rows=500000 | cols=['txn_id', 'account_id', 'txn_type', 'amount', 'currency', 'txn_date', 'value_date', 'status', 'reference_no', 'description']
2026-03-06 15:40:02 | INFO     | DQRunner                       | [transactions] Running 14 checkers with max_workers=4
2026-03-06 15:40:02 | INFO     | PrimaryKeyChecker              | [transactions] PRIMARY KEY CHECK : txn_id started
2026-03-06 15:40:02 | INFO     | DataTypeChecker                | [transactions] DATA TYPE CHECK started
2026-03-06 15:40:02 | INFO     | PatternChecker                 | [transactions] PATTERN / FORMAT CHECK started
2026-03-06 15:40:02 | INFO     | MandatoryFieldChecker          | [transactions] MANDATORY FIELD CHECK started
2026-03-06 15:40:02 | INFO     | DataTypeChecker                | [transactions] Data Type PASS | col=txn_id
2026-03-06 15:40:02 | INFO     | MandatoryFieldChecker          | [transactions] Mandatory Field PASS | col=account_id
2026-03-06 15:40:02 | INFO     | PrimaryKeyChecker              | [transactions] PK Null PASS | col=txn_id
2026-03-06 15:40:03 | WARNING  | PatternChecker                 | [transactions] Pattern FAIL | col=txn_date | violations=7567
2026-03-06 15:40:03 | INFO     | DataTypeChecker                | [transactions] Data Type PASS | col=account_id
2026-03-06 15:40:03 | WARNING  | MandatoryFieldChecker          | [transactions] Mandatory Field FAIL | col=txn_type | violations=4991
2026-03-06 15:40:03 | WARNING  | DataTypeChecker                | [transactions] Data Type FAIL | col=amount | violations=1948
2026-03-06 15:40:03 | WARNING  | PatternChecker                 | [transactions] Pattern FAIL | col=reference_no | violations=10043
2026-03-06 15:40:03 | INFO     | ValueRangeChecker              | [transactions] VALUE RANGE CHECK started
2026-03-06 15:40:03 | ERROR    | DataTypeChecker                | [transactions] Data Type ERROR | col=txn_date | [CANNOT_PARSE_TIMESTAMP] Text '99-99-9999' could not be parsed at index 0. Use `try_to_date` to tolerate invalid input string and return NULL instead. SQLSTATE: 22007
2026-03-06 15:40:03 | WARNING  | MandatoryFieldChecker          | [transactions] Mandatory Field FAIL | col=amount | violations=1982
2026-03-06 15:40:03 | WARNING  | ValueRangeChecker              | [transactions] Value Range FAIL | col=amount | violations=3941
2026-03-06 15:40:03 | INFO     | AllowedValuesChecker           | [transactions] ALLOWED VALUES CHECK started
2026-03-06 15:40:03 | INFO     | DataTypeChecker                | [transactions] Data Type PASS | col=value_date
2026-03-06 15:40:03 | INFO     | UniquenessChecker              | [transactions] UNIQUENESS CHECK started
2026-03-06 15:40:04 | INFO     | MandatoryFieldChecker          | [transactions] Mandatory Field PASS | col=currency
2026-03-06 15:40:04 | INFO     | AllowedValuesChecker           | [transactions] Allowed Values PASS | col=txn_type
2026-03-06 15:40:04 | WARNING  | PrimaryKeyChecker              | [transactions] PK Duplicate FAIL | col=txn_id | violations=2486
2026-03-06 15:40:04 | INFO     | WhitespaceChecker              | [transactions] WHITESPACE CHECK started
2026-03-06 15:40:04 | INFO     | MandatoryFieldChecker          | [transactions] Mandatory Field PASS | col=txn_date
2026-03-06 15:40:04 | WARNING  | WhitespaceChecker              | [transactions] Whitespace FAIL | col=description | violations=15239
2026-03-06 15:40:04 | WARNING  | AllowedValuesChecker           | [transactions] Allowed Values FAIL | col=currency | violations=4949
2026-03-06 15:40:04 | WARNING  | MandatoryFieldChecker          | [transactions] Mandatory Field FAIL | col=status | violations=4892
2026-03-06 15:40:04 | INFO     | PrecisionScaleChecker          | [transactions] PRECISION / SCALE CHECK started
2026-03-06 15:40:05 | INFO     | WhitespaceChecker              | [transactions] Whitespace PASS | col=txn_type
2026-03-06 15:40:05 | INFO     | OutlierChecker                 | [transactions] OUTLIER CHECK  (z=3.0σ) started
2026-03-06 15:40:05 | INFO     | AllowedValuesChecker           | [transactions] Allowed Values PASS | col=status
2026-03-06 15:40:05 | INFO     | DefaultValueChecker            | [transactions] DEFAULT VALUE CHECK started
2026-03-06 15:40:05 | INFO     | CrossColumnChecker             | [transactions] CROSS-COLUMN VALIDATION started
2026-03-06 15:40:05 | ERROR    | DQRunner                       | [transactions] DefaultValueChecker CRASHED: 'NoneType' object has no attribute 'lower'
2026-03-06 15:40:05 | WARNING  | UniquenessChecker              | [transactions] Uniqueness FAIL | col=txn_id | violations=2486
2026-03-06 15:40:05 | ERROR    | CrossColumnChecker             | [transactions] Cross-Column ERROR | col=value_date_gte_txn_date | [CANNOT_PARSE_TIMESTAMP] Text '99-99-9999' could not be parsed at index 0. Use `try_to_date` to tolerate invalid input string and return NULL instead. SQLSTATE: 22007
2026-03-06 15:40:05 | INFO     | CompletenessRatioChecker       | [transactions] COMPLETENESS RATIO CHECK  (min : 99.0%) started
2026-03-06 15:40:05 | INFO     | PrecisionScaleChecker          | [transactions] Precision PASS | col=amount
2026-03-06 15:40:05 | INFO     | FreshnessChecker               | [transactions] FRESHNESS CHECK : txn_date started
2026-03-06 15:40:05 | ERROR    | FreshnessChecker               | [transactions] Freshness ERROR | col=txn_date | [CANNOT_PARSE_TIMESTAMP] Text '2025/01/01' could not be parsed at index 4. Use `try_to_date` to tolerate invalid input string and return NULL instead. SQLSTATE: 22007
2026-03-06 15:40:05 | WARNING  | OutlierChecker                 | [transactions] Outlier FAIL | col=amount | violations=1956
2026-03-06 15:40:05 | INFO     | UniquenessChecker              | [transactions] Uniqueness PASS | col=reference_no
2026-03-06 15:40:05 | INFO     | CompletenessRatioChecker       | [transactions] Completeness PASS | col=txn_id
2026-03-06 15:40:05 | INFO     | CompletenessRatioChecker       | [transactions] Completeness PASS | col=account_id
2026-03-06 15:40:05 | INFO     | CompletenessRatioChecker       | [transactions] Completeness PASS | col=amount
2026-03-06 15:40:06 | INFO     | CompletenessRatioChecker       | [transactions] Completeness PASS | col=currency
2026-03-06 15:40:06 | INFO     | CompletenessRatioChecker       | [transactions] Completeness PASS | col=txn_date
2026-03-06 15:40:06 | INFO     | CompletenessRatioChecker       | [transactions] Completeness PASS | col=status
2026-03-06 15:40:06 | INFO     | DQRunner                       | [transactions] All checks completed — 34 results
2026-03-06 15:40:06 | WARNING  | AlertManager                   | ALERT TRIGGERED | dataset=transactions | fails=12 > threshold=3
2026-03-06 15:40:06 | INFO     | DQConfigLoader                 | Config loaded | path=config/rules_customers.yaml
2026-03-06 15:40:06 | INFO     | DataReader                     | Reading CSV | path=data/customers.csv
2026-03-06 15:40:06 | INFO     | DataReader                     | Loaded | rows=150000 | cols=['customer_id', 'full_name', 'email', 'phone', 'city', 'country', 'registration_date', 'tier', 'credit_score', 'is_verified']
2026-03-06 15:40:06 | INFO     | DQRunner                       | [customers] Running 14 checkers with max_workers=4
2026-03-06 15:40:06 | INFO     | PatternChecker                 | [customers] PATTERN / FORMAT CHECK started
2026-03-06 15:40:06 | INFO     | MandatoryFieldChecker          | [customers] MANDATORY FIELD CHECK started
2026-03-06 15:40:06 | INFO     | DataTypeChecker                | [customers] DATA TYPE CHECK started
2026-03-06 15:40:06 | INFO     | PrimaryKeyChecker              | [customers] PRIMARY KEY CHECK : customer_id started
2026-03-06 15:40:06 | INFO     | DataTypeChecker                | [customers] Data Type PASS | col=customer_id
2026-03-06 15:40:06 | INFO     | MandatoryFieldChecker          | [customers] Mandatory Field PASS | col=full_name
2026-03-06 15:40:06 | INFO     | PrimaryKeyChecker              | [customers] PK Null PASS | col=customer_id
2026-03-06 15:40:06 | ERROR    | DataTypeChecker                | [customers] Data Type ERROR | col=registration_date | [CANNOT_PARSE_TIMESTAMP] Text '2025/01/01' could not be parsed at index 4. Use `try_to_date` to tolerate invalid input string and return NULL instead. SQLSTATE: 22007
2026-03-06 15:40:06 | WARNING  | MandatoryFieldChecker          | [customers] Mandatory Field FAIL | col=email | violations=3025
2026-03-06 15:40:06 | WARNING  | PatternChecker                 | [customers] Pattern FAIL | col=email | violations=16292
2026-03-06 15:40:06 | WARNING  | DataTypeChecker                | [customers] Data Type FAIL | col=credit_score | violations=558
2026-03-06 15:40:06 | INFO     | ValueRangeChecker              | [customers] VALUE RANGE CHECK started
2026-03-06 15:40:06 | INFO     | MandatoryFieldChecker          | [customers] Mandatory Field PASS | col=country
2026-03-06 15:40:06 | WARNING  | PatternChecker                 | [customers] Pattern FAIL | col=registration_date | violations=2233
2026-03-06 15:40:06 | INFO     | AllowedValuesChecker           | [customers] ALLOWED VALUES CHECK started
2026-03-06 15:40:06 | INFO     | MandatoryFieldChecker          | [customers] Mandatory Field PASS | col=registration_date
2026-03-06 15:40:06 | INFO     | UniquenessChecker              | [customers] UNIQUENESS CHECK started
2026-03-06 15:40:06 | WARNING  | ValueRangeChecker              | [customers] Value Range FAIL | col=credit_score | violations=1774
2026-03-06 15:40:06 | INFO     | WhitespaceChecker              | [customers] WHITESPACE CHECK started
2026-03-06 15:40:07 | INFO     | WhitespaceChecker              | [customers] Whitespace PASS | col=full_name
2026-03-06 15:40:07 | WARNING  | PrimaryKeyChecker              | [customers] PK Duplicate FAIL | col=customer_id | violations=861
2026-03-06 15:40:07 | INFO     | CaseChecker                    | [customers] CASE SENSITIVITY CHECK started
2026-03-06 15:40:07 | WARNING  | WhitespaceChecker              | [customers] Whitespace FAIL | col=city | violations=4598
2026-03-06 15:40:07 | WARNING  | AllowedValuesChecker           | [customers] Allowed Values FAIL | col=tier | violations=5933
2026-03-06 15:40:07 | WARNING  | CaseChecker                    | [customers] Case FAIL | col=tier | violations=5933
2026-03-06 15:40:07 | INFO     | OutlierChecker                 | [customers] OUTLIER CHECK  (z=3.0σ) started
2026-03-06 15:40:07 | INFO     | WhitespaceChecker              | [customers] Whitespace PASS | col=country
2026-03-06 15:40:07 | INFO     | DefaultValueChecker            | [customers] DEFAULT VALUE CHECK started
2026-03-06 15:40:07 | ERROR    | DQRunner                       | [customers] DefaultValueChecker CRASHED: 'NoneType' object has no attribute 'lower'
2026-03-06 15:40:07 | INFO     | CrossColumnChecker             | [customers] CROSS-COLUMN VALIDATION started
2026-03-06 15:40:07 | INFO     | AllowedValuesChecker           | [customers] Allowed Values PASS | col=country
2026-03-06 15:40:07 | INFO     | CompletenessRatioChecker       | [customers] COMPLETENESS RATIO CHECK  (min : 92.0%) started
2026-03-06 15:40:07 | WARNING  | UniquenessChecker              | [customers] Uniqueness FAIL | col=customer_id | violations=861
2026-03-06 15:40:07 | ERROR    | CrossColumnChecker             | [customers] Cross-Column ERROR | col=registration_not_future | [CANNOT_PARSE_TIMESTAMP] Text '2025/01/01' could not be parsed at index 4. Use `try_to_date` to tolerate invalid input string and return NULL instead. SQLSTATE: 22007
2026-03-06 15:40:07 | INFO     | FreshnessChecker               | [customers] FRESHNESS CHECK : registration_date started
2026-03-06 15:40:07 | ERROR    | FreshnessChecker               | [customers] Freshness ERROR | col=registration_date | [CANNOT_PARSE_TIMESTAMP] Text '2025/01/01' could not be parsed at index 4. Use `try_to_date` to tolerate invalid input string and return NULL instead. SQLSTATE: 22007
2026-03-06 15:40:07 | INFO     | CompletenessRatioChecker       | [customers] Completeness PASS | col=customer_id
2026-03-06 15:40:07 | WARNING  | OutlierChecker                 | [customers] Outlier FAIL | col=credit_score | violations=598
2026-03-06 15:40:07 | INFO     | CompletenessRatioChecker       | [customers] Completeness PASS | col=full_name
2026-03-06 15:40:07 | WARNING  | UniquenessChecker              | [customers] Uniqueness FAIL | col=email | violations=149275
2026-03-06 15:40:07 | INFO     | CompletenessRatioChecker       | [customers] Completeness PASS | col=email
2026-03-06 15:40:07 | INFO     | CompletenessRatioChecker       | [customers] Completeness PASS | col=country
2026-03-06 15:40:07 | INFO     | CompletenessRatioChecker       | [customers] Completeness PASS | col=tier
2026-03-06 15:40:07 | INFO     | DQRunner                       | [customers] All checks completed — 29 results
2026-03-06 15:40:07 | WARNING  | AlertManager                   | ALERT TRIGGERED | dataset=customers | fails=12 > threshold=5
2026-03-06 15:40:07 | INFO     | SparkSessionManager            | Spark stopped
2026-03-06 15:40:07 | INFO     | MAIN                           | ETL DQ FRAMEWORK v6 FINISHED
2026-03-06 15:40:07 | INFO     | MAIN                           | Log: logs/dq_run_2026-03-06_15-39-50.log
