2026-03-06 16:44:33 | INFO     | MAIN                           | ========================================================================================================================
2026-03-06 16:44:33 | INFO     | MAIN                           | ETL DQ FRAMEWORK v6 STARTED
2026-03-06 16:44:33 | INFO     | MAIN                           | ========================================================================================================================
2026-03-06 16:44:33 | INFO     | SparkSessionManager            | Starting Spark | app=ETL_DQ_v6 | master=local[*]
2026-03-06 16:44:35 | INFO     | SparkSessionManager            | Spark started successfully
2026-03-06 16:44:36 | INFO     | DQConfigLoader                 | Config loaded | path=config/rules_students.yaml
2026-03-06 16:44:36 | INFO     | DataReader                     | Reading CSV | path=data/student.csv
2026-03-06 16:44:37 | INFO     | DataReader                     | Loaded | rows=10000 | cols=['student_id', 'student_name', 'student_class', 'student_gender', 'student_age', 'student_height', 'student_score']
2026-03-06 16:44:37 | INFO     | DQRunner                       | [students] Running 14 checkers sequentially
2026-03-06 16:44:37 | ERROR    | PrimaryKeyChecker              | [students] PK Check ERROR | col=['student_id', 'student_name'] | Unexpected: unhashable type: 'list'
2026-03-06 16:44:37 | INFO     | MandatoryFieldChecker          | [students] MANDATORY FIELD CHECK started
2026-03-06 16:44:37 | WARNING  | MandatoryFieldChecker          | [students] Mandatory Field FAIL | col=student_name | violations=187
2026-03-06 16:44:37 | WARNING  | MandatoryFieldChecker          | [students] Mandatory Field FAIL | col=student_class | violations=210
2026-03-06 16:44:37 | WARNING  | MandatoryFieldChecker          | [students] Mandatory Field FAIL | col=student_gender | violations=214
2026-03-06 16:44:37 | INFO     | DataTypeChecker                | [students] DATA TYPE CHECK started
2026-03-06 16:44:38 | INFO     | DataTypeChecker                | [students] Data Type PASS | col=student_id
2026-03-06 16:44:38 | WARNING  | DataTypeChecker                | [students] Data Type FAIL | col=student_age | violations=179
2026-03-06 16:44:38 | WARNING  | DataTypeChecker                | [students] Data Type FAIL | col=student_height | violations=278
2026-03-06 16:44:38 | WARNING  | DataTypeChecker                | [students] Data Type FAIL | col=student_score | violations=312
2026-03-06 16:44:38 | INFO     | PatternChecker                 | [students] PATTERN / FORMAT CHECK started
2026-03-06 16:44:38 | INFO     | PatternChecker                 | [students] Pattern PASS | col=student_id
2026-03-06 16:44:38 | WARNING  | PatternChecker                 | [students] Pattern FAIL | col=student_class | violations=221
2026-03-06 16:44:38 | INFO     | LengthChecker                  | [students] LENGTH CHECK started
2026-03-06 16:44:38 | INFO     | LengthChecker                  | [students] Length PASS | col=student_name
2026-03-06 16:44:38 | INFO     | ValueRangeChecker              | [students] VALUE RANGE CHECK started
2026-03-06 16:44:38 | WARNING  | ValueRangeChecker              | [students] Value Range FAIL | col=student_age | violations=177
2026-03-06 16:44:38 | WARNING  | ValueRangeChecker              | [students] Value Range FAIL | col=student_height | violations=117
2026-03-06 16:44:38 | WARNING  | ValueRangeChecker              | [students] Value Range FAIL | col=student_score | violations=160
2026-03-06 16:44:38 | INFO     | AllowedValuesChecker           | [students] ALLOWED VALUES CHECK started
2026-03-06 16:44:38 | WARNING  | AllowedValuesChecker           | [students] Allowed Values FAIL | col=student_gender | violations=297
2026-03-06 16:44:38 | INFO     | UniquenessChecker              | [students] UNIQUENESS CHECK started
2026-03-06 16:44:39 | WARNING  | UniquenessChecker              | [students] Uniqueness FAIL | col=student_id | violations=99
2026-03-06 16:44:39 | INFO     | ConsistencyChecker             | [students] CONSISTENCY CHECK started
2026-03-06 16:44:39 | WARNING  | ConsistencyChecker             | [students] Consistency FAIL | col=score_non_negative | violations=53
2026-03-06 16:44:39 | WARNING  | ConsistencyChecker             | [students] Consistency FAIL | col=age_in_school_range | violations=177
2026-03-06 16:44:39 | INFO     | WhitespaceChecker              | [students] WHITESPACE CHECK started
2026-03-06 16:44:39 | WARNING  | WhitespaceChecker              | [students] Whitespace FAIL | col=student_name | violations=216
2026-03-06 16:44:39 | WARNING  | WhitespaceChecker              | [students] Whitespace FAIL | col=student_class | violations=225
2026-03-06 16:44:39 | INFO     | WhitespaceChecker              | [students] Whitespace PASS | col=student_gender
2026-03-06 16:44:39 | INFO     | PrecisionScaleChecker          | [students] PRECISION / SCALE CHECK started
2026-03-06 16:44:39 | INFO     | PrecisionScaleChecker          | [students] Precision PASS | col=student_score
2026-03-06 16:44:39 | INFO     | PrecisionScaleChecker          | [students] Precision PASS | col=student_height
2026-03-06 16:44:39 | INFO     | OutlierChecker                 | [students] OUTLIER CHECK  (z=3.0σ) started
2026-03-06 16:44:39 | WARNING  | OutlierChecker                 | [students] Outlier FAIL | col=student_score | violations=63
2026-03-06 16:44:39 | WARNING  | OutlierChecker                 | [students] Outlier FAIL | col=student_height | violations=42
2026-03-06 16:44:39 | WARNING  | OutlierChecker                 | [students] Outlier FAIL | col=student_age | violations=87
2026-03-06 16:44:39 | INFO     | DefaultValueChecker            | [students] DEFAULT VALUE CHECK started
2026-03-06 16:44:39 | ERROR    | DQRunner                       | [students] DefaultValueChecker CRASHED: 'NoneType' object has no attribute 'lower'
2026-03-06 16:44:39 | INFO     | CompletenessRatioChecker       | [students] COMPLETENESS RATIO CHECK  (min : 95.0%) started
2026-03-06 16:44:40 | INFO     | CompletenessRatioChecker       | [students] Completeness PASS | col=student_name
2026-03-06 16:44:40 | INFO     | CompletenessRatioChecker       | [students] Completeness PASS | col=student_class
2026-03-06 16:44:40 | INFO     | CompletenessRatioChecker       | [students] Completeness PASS | col=student_gender
2026-03-06 16:44:40 | INFO     | CompletenessRatioChecker       | [students] Completeness PASS | col=student_age
2026-03-06 16:44:40 | INFO     | CompletenessRatioChecker       | [students] Completeness PASS | col=student_height
2026-03-06 16:44:40 | INFO     | CompletenessRatioChecker       | [students] Completeness PASS | col=student_score
2026-03-06 16:44:40 | INFO     | DQRunner                       | [students] All checks completed — 33 results
2026-03-06 16:44:40 | ERROR    | MAIN                           | Unexpected error for students: unsupported format string passed to list.__format__
Traceback (most recent call last):
  File "/Users/pampanavenkatprithvi/ETL_DQ_PYSPARK_AUTO_v6/main_v6.py", line 137, in main
    runner.print_summary()
  File "/Users/pampanavenkatprithvi/ETL_DQ_PYSPARK_AUTO_v6/runner/dq_runner.py", line 363, in print_summary
    print(f"  {r.check_name:<30} {r.column:<28} {r.status} {icon:<3} {r.violations:>10}")
          ^^^^^^^^^^^^^^^^^^^^^^^^^^^^^^^^^^^^^^^^^^^^^^^^^^^^^^^^^^^^^^^^^^^^^^^^^^^^^^
TypeError: unsupported format string passed to list.__format__
2026-03-06 16:44:40 | INFO     | SparkSessionManager            | Spark stopped
2026-03-06 16:44:40 | INFO     | MAIN                           | ETL DQ FRAMEWORK v6 FINISHED
2026-03-06 16:44:40 | INFO     | MAIN                           | Log: logs/dq_run_2026-03-06_16-44-33.log
